<?xml version="1.0" encoding="utf-8"?><testsuites name="pytest tests"><testsuite name="pytest" errors="0" failures="0" skipped="0" tests="79" time="19.938" timestamp="2026-08-28T23:25:10.332273+05:30" hostname="DESKTOP-OVB6L96"><testcase classname="tests.test_inference" name="test_model_output_shape" time="0.172" /><testcase classname="tests.test_inference" name="test_model_probabilities_are_valid" time="0.271" /><testcase classname="tests.test_inference" name="test_model_is_deterministic_in_eval_mode" time="0.160" /><testcase classname="tests.test_inference" name="test_model_is_stochastic_in_train_mode" time="0.336" /><testcase classname="tests.test_inference" name="test_model_accepts_a_single_image_batch" time="0.058" /><testcase classname="tests.test_inference" name="test_model_parameter_count_is_reasonable" time="0.016" /><testcase classname="tests.test_inference" name="test_model_is_input_size_agnostic" time="0.036" /><testcase classname="tests.test_inference" name="test_service_loads_checkpoint" time="0.380" /><testcase classname="tests.test_inference" name="test_service_class_order_is_cat_then_dog" time="0.327" /><testcase classname="tests.test_inference" name="test_service_raises_for_missing_artifact" time="0.011" /><testcase classname="tests.test_inference" name="test_service_predict_before_load_raises" time="0.016" /><testcase classname="tests.test_inference" name="test_service_predict_contract" time="0.419" /><testcase classname="tests.test_inference" name="test_service_predictions_are_repeatable" time="0.511" /><testcase classname="tests.test_inference" name="test_health_returns_ok" time="0.393" /><testcase classname="tests.test_inference" name="test_root_endpoint" time="0.265" /><testcase classname="tests.test_inference" name="test_predict_returns_label_and_probabilities" time="0.372" /><testcase classname="tests.test_inference" name="test_predict_accepts_multiple_formats[JPEG]" time="0.451" /><testcase classname="tests.test_inference" name="test_predict_accepts_multiple_formats[PNG]" time="0.352" /><testcase classname="tests.test_inference" name="test_predict_rejects_non_image_with_400" time="0.318" /><testcase classname="tests.test_inference" name="test_predict_rejects_empty_file_with_400" time="0.257" /><testcase classname="tests.test_inference" name="test_predict_requires_a_file_field" time="0.261" /><testcase classname="tests.test_inference" name="test_openapi_documents_both_endpoints" time="0.286" /><testcase classname="tests.test_monitoring" name="test_request_counting" time="0.002" /><testcase classname="tests.test_monitoring" name="test_latency_statistics" time="0.002" /><testcase classname="tests.test_monitoring" name="test_latency_window_is_bounded" time="0.005" /><testcase classname="tests.test_monitoring" name="test_prediction_counting" time="0.002" /><testcase classname="tests.test_monitoring" name="test_empty_collector_does_not_divide_by_zero" time="0.002" /><testcase classname="tests.test_monitoring" name="test_prometheus_rendering" time="0.002" /><testcase classname="tests.test_monitoring" name="test_metrics_endpoint_reflects_traffic" time="0.594" /><testcase classname="tests.test_monitoring" name="test_prometheus_endpoint_is_plain_text" time="0.372" /><testcase classname="tests.test_monitoring" name="test_response_time_header_is_present" time="0.254" /><testcase classname="tests.test_monitoring" name="test_prediction_is_logged_as_json" time="0.387" /><testcase classname="tests.test_monitoring" name="test_health_requests_are_not_logged_but_are_counted" time="0.265" /><testcase classname="tests.test_preprocessing" name="test_resize_center_crop_always_224_rgb[in_size0]" time="0.004" /><testcase classname="tests.test_preprocessing" name="test_resize_center_crop_always_224_rgb[in_size1]" time="0.004" /><testcase classname="tests.test_preprocessing" name="test_resize_center_crop_always_224_rgb[in_size2]" time="0.002" /><testcase classname="tests.test_preprocessing" name="test_resize_center_crop_always_224_rgb[in_size3]" time="0.002" /><testcase classname="tests.test_preprocessing" name="test_resize_center_crop_always_224_rgb[in_size4]" time="0.006" /><testcase classname="tests.test_preprocessing" name="test_resize_center_crop_always_224_rgb[in_size5]" time="0.008" /><testcase classname="tests.test_preprocessing" name="test_resize_center_crop_converts_grayscale_to_rgb" time="0.002" /><testcase classname="tests.test_preprocessing" name="test_resize_center_crop_preserves_aspect_ratio" time="0.003" /><testcase classname="tests.test_preprocessing" name="test_split_sizes_are_80_10_10" time="0.002" /><testcase classname="tests.test_preprocessing" name="test_split_is_deterministic_for_a_fixed_seed" time="0.002" /><testcase classname="tests.test_preprocessing" name="test_split_changes_with_a_different_seed" time="0.002" /><testcase classname="tests.test_preprocessing" name="test_split_is_disjoint_and_lossless" time="0.002" /><testcase classname="tests.test_preprocessing" name="test_preprocess_output_shape_and_dtype" time="0.006" /><testcase classname="tests.test_preprocessing" name="test_preprocess_applies_normalisation" time="0.004" /><testcase classname="tests.test_preprocessing" name="test_inference_transform_is_deterministic" time="0.006" /><testcase classname="tests.test_preprocessing" name="test_train_transform_is_random_but_eval_transform_is_not" time="0.019" /><testcase classname="tests.test_preprocessing" name="test_train_and_inference_transforms_agree_on_output_shape" time="0.018" /><testcase classname="tests.test_preprocessing" name="test_preprocess_accepts_common_formats[JPEG]" time="0.005" /><testcase classname="tests.test_preprocessing" name="test_preprocess_accepts_common_formats[PNG]" time="0.007" /><testcase classname="tests.test_preprocessing" name="test_preprocess_accepts_common_formats[BMP]" time="0.005" /><testcase classname="tests.test_preprocessing" name="test_preprocess_handles_grayscale" time="0.006" /><testcase classname="tests.test_preprocessing" name="test_load_image_rejects_non_image_bytes" time="0.002" /><testcase classname="tests.test_preprocessing" name="test_load_image_rejects_empty_upload" time="0.001" /><testcase classname="tests.test_preprocessing" name="test_load_image_rejects_truncated_jpeg" time="0.003" /><testcase classname="tests.test_registry" name="test_factory_builds_baseline" time="0.012" /><testcase classname="tests.test_registry" name="test_factory_defaults_to_baseline_for_old_checkpoints" time="0.008" /><testcase classname="tests.test_registry" name="test_factory_rejects_unknown_architecture" time="0.002" /><testcase classname="tests.test_registry" name="test_supported_list_is_accurate" time="0.001" /><testcase classname="tests.test_registry" name="test_every_architecture_returns_two_logits[baseline_cnn]" time="0.192" /><testcase classname="tests.test_registry" name="test_every_architecture_returns_two_logits[resnet18_finetune]" time="0.428" /><testcase classname="tests.test_registry" name="test_resnet_freezing_leaves_only_the_head_trainable" time="0.260" /><testcase classname="tests.test_registry" name="test_resnet_unfrozen_trains_everything" time="0.241" /><testcase classname="tests.test_registry" name="test_checkpoint_roundtrip_rebuilds_identical_model" time="1.058" /><testcase classname="tests.test_registry" name="test_first_version_is_promoted_when_there_is_no_champion" time="0.003" /><testcase classname="tests.test_registry" name="test_clearly_better_challenger_is_promoted" time="0.003" /><testcase classname="tests.test_registry" name="test_worse_challenger_is_rejected" time="0.002" /><testcase classname="tests.test_registry" name="test_marginally_better_challenger_is_rejected" time="0.002" /><testcase classname="tests.test_registry" name="test_gate_boundary_behaviour" time="0.002" /><testcase classname="tests.test_registry" name="test_no_candidate_is_not_a_promotion" time="0.002" /><testcase classname="tests.test_registry" name="test_min_delta_zero_promotes_any_improvement" time="0.002" /><testcase classname="tests.test_registry" name="test_reason_string_reports_both_accuracies" time="0.002" /><testcase classname="tests.test_registry" name="test_as_float_survives_bad_tags[0.9725-0.9725]" time="0.003" /><testcase classname="tests.test_registry" name="test_as_float_survives_bad_tags[0-0.0]" time="0.003" /><testcase classname="tests.test_registry" name="test_as_float_survives_bad_tags[None--1.0]" time="0.003" /><testcase classname="tests.test_registry" name="test_as_float_survives_bad_tags[--1.0]" time="0.003" /><testcase classname="tests.test_registry" name="test_as_float_survives_bad_tags[not-a-number--1.0]" time="0.002" /></testsuite></testsuites>